<?xml version="1.0" encoding="UTF-8"?>
<!-- Generated by org.testng.reporters.JUnitReportReporter -->
<testsuite hostname="Esther" failures="0" tests="1" name="TESTCASES.Addtocart2test" time="20.975" errors="0" timestamp="2024-01-13T12:14:22 IST" skipped="0">
  <testcase classname="TESTCASES.Addtocart2test" name="TC_add__001" time="20.975"/>
</testsuite> <!-- TESTCASES.Addtocart2test -->
